Sun Apr 12 23:43:03 MSK 2015 Thread[main,5,main] Cleanup action starting
ERROR XBM0H: Directory /var/lib/hive/metastore/metastore_db cannot be created.
	at org.apache.derby.iapi.error.StandardException.newException(Unknown Source)
	at org.apache.derby.impl.services.monitor.StorageFactoryService$10.run(Unknown Source)
	at java.security.AccessController.doPrivileged(Native Method)
	at org.apache.derby.impl.services.monitor.StorageFactoryService.createServiceRoot(Unknown Source)
	at org.apache.derby.impl.services.monitor.BaseMonitor.bootService(Unknown Source)
	at org.apache.derby.impl.services.monitor.BaseMonitor.createPersistentService(Unknown Source)
	at org.apache.derby.iapi.services.monitor.Monitor.createPersistentService(Unknown Source)
	at org.apache.derby.impl.jdbc.EmbedConnection.createDatabase(Unknown Source)
	at org.apache.derby.impl.jdbc.EmbedConnection.<init>(Unknown Source)
	at org.apache.derby.impl.jdbc.EmbedConnection40.<init>(Unknown Source)
	at org.apache.derby.jdbc.Driver40.getNewEmbedConnection(Unknown Source)
	at org.apache.derby.jdbc.InternalDriver.connect(Unknown Source)
	at org.apache.derby.jdbc.Driver20.connect(Unknown Source)
	at org.apache.derby.jdbc.AutoloadedDriver.connect(Unknown Source)
	at java.sql.DriverManager.getConnection(DriverManager.java:571)
	at java.sql.DriverManager.getConnection(DriverManager.java:187)
	at com.jolbox.bonecp.BoneCP.obtainRawInternalConnection(BoneCP.java:349)
	at com.jolbox.bonecp.BoneCP.<init>(BoneCP.java:416)
	at com.jolbox.bonecp.BoneCPDataSource.getConnection(BoneCPDataSource.java:120)
	at org.datanucleus.store.rdbms.ConnectionFactoryImpl$ManagedConnectionImpl.getConnection(ConnectionFactoryImpl.java:501)
	at org.datanucleus.store.rdbms.RDBMSStoreManager.<init>(RDBMSStoreManager.java:298)
	at sun.reflect.NativeConstructorAccessorImpl.newInstance0(Native Method)
	at sun.reflect.NativeConstructorAccessorImpl.newInstance(NativeConstructorAccessorImpl.java:57)
	at sun.reflect.DelegatingConstructorAccessorImpl.newInstance(DelegatingConstructorAccessorImpl.java:45)
	at java.lang.reflect.Constructor.newInstance(Constructor.java:526)
	at org.datanucleus.plugin.NonManagedPluginRegistry.createExecutableExtension(NonManagedPluginRegistry.java:631)
	at org.datanucleus.plugin.PluginManager.createExecutableExtension(PluginManager.java:301)
	at org.datanucleus.NucleusContext.createStoreManagerForProperties(NucleusContext.java:1187)
	at org.datanucleus.NucleusContext.initialise(NucleusContext.java:356)
	at org.datanucleus.api.jdo.JDOPersistenceManagerFactory.freezeConfiguration(JDOPersistenceManagerFactory.java:775)
	at org.datanucleus.api.jdo.JDOPersistenceManagerFactory.createPersistenceManagerFactory(JDOPersistenceManagerFactory.java:333)
	at org.datanucleus.api.jdo.JDOPersistenceManagerFactory.getPersistenceManagerFactory(JDOPersistenceManagerFactory.java:202)
	at sun.reflect.NativeMethodAccessorImpl.invoke0(Native Method)
	at sun.reflect.NativeMethodAccessorImpl.invoke(NativeMethodAccessorImpl.java:57)
	at sun.reflect.DelegatingMethodAccessorImpl.invoke(DelegatingMethodAccessorImpl.java:43)
	at java.lang.reflect.Method.invoke(Method.java:606)
	at javax.jdo.JDOHelper$16.run(JDOHelper.java:1965)
	at java.security.AccessController.doPrivileged(Native Method)
	at javax.jdo.JDOHelper.invoke(JDOHelper.java:1960)
	at javax.jdo.JDOHelper.invokeGetPersistenceManagerFactoryOnImplementation(JDOHelper.java:1166)
	at javax.jdo.JDOHelper.getPersistenceManagerFactory(JDOHelper.java:808)
	at javax.jdo.JDOHelper.getPersistenceManagerFactory(JDOHelper.java:701)
	at org.apache.hadoop.hive.metastore.ObjectStore.getPMF(ObjectStore.java:313)
	at org.apache.hadoop.hive.metastore.ObjectStore.getPersistenceManager(ObjectStore.java:342)
	at org.apache.hadoop.hive.metastore.ObjectStore.initialize(ObjectStore.java:249)
	at org.apache.hadoop.hive.metastore.ObjectStore.setConf(ObjectStore.java:224)
	at org.apache.hadoop.util.ReflectionUtils.setConf(ReflectionUtils.java:73)
	at org.apache.hadoop.util.ReflectionUtils.newInstance(ReflectionUtils.java:133)
	at org.apache.hadoop.hive.metastore.RawStoreProxy.<init>(RawStoreProxy.java:58)
	at org.apache.hadoop.hive.metastore.RawStoreProxy.getProxy(RawStoreProxy.java:67)
	at org.apache.hadoop.hive.metastore.HiveMetaStore$HMSHandler.newRawStore(HiveMetaStore.java:506)
	at org.apache.hadoop.hive.metastore.HiveMetaStore$HMSHandler.getMS(HiveMetaStore.java:484)
	at org.apache.hadoop.hive.metastore.HiveMetaStore$HMSHandler.createDefaultDB(HiveMetaStore.java:532)
	at org.apache.hadoop.hive.metastore.HiveMetaStore$HMSHandler.init(HiveMetaStore.java:406)
	at org.apache.hadoop.hive.metastore.HiveMetaStore$HMSHandler.<init>(HiveMetaStore.java:365)
	at org.apache.hadoop.hive.metastore.RetryingHMSHandler.<init>(RetryingHMSHandler.java:55)
	at org.apache.hadoop.hive.metastore.RetryingHMSHandler.getProxy(RetryingHMSHandler.java:60)
	at org.apache.hadoop.hive.metastore.HiveMetaStore.newHMSHandler(HiveMetaStore.java:4953)
	at org.apache.hadoop.hive.metastore.HiveMetaStoreClient.<init>(HiveMetaStoreClient.java:172)
	at sun.reflect.NativeConstructorAccessorImpl.newInstance0(Native Method)
	at sun.reflect.NativeConstructorAccessorImpl.newInstance(NativeConstructorAccessorImpl.java:57)
	at sun.reflect.DelegatingConstructorAccessorImpl.newInstance(DelegatingConstructorAccessorImpl.java:45)
	at java.lang.reflect.Constructor.newInstance(Constructor.java:526)
	at org.apache.hadoop.hive.metastore.MetaStoreUtils.newInstance(MetaStoreUtils.java:1422)
	at org.apache.hadoop.hive.metastore.RetryingMetaStoreClient.<init>(RetryingMetaStoreClient.java:63)
	at org.apache.hadoop.hive.metastore.RetryingMetaStoreClient.getProxy(RetryingMetaStoreClient.java:73)
	at org.apache.hadoop.hive.ql.metadata.Hive.createMetaStoreClient(Hive.java:2462)
	at org.apache.hadoop.hive.ql.metadata.Hive.getMSC(Hive.java:2481)
	at org.apache.hadoop.hive.ql.session.SessionState.start(SessionState.java:340)
	at org.apache.hadoop.hive.cli.CliDriver.run(CliDriver.java:689)
	at org.apache.hadoop.hive.cli.CliDriver.main(CliDriver.java:633)
	at sun.reflect.NativeMethodAccessorImpl.invoke0(Native Method)
	at sun.reflect.NativeMethodAccessorImpl.invoke(NativeMethodAccessorImpl.java:57)
	at sun.reflect.DelegatingMethodAccessorImpl.invoke(DelegatingMethodAccessorImpl.java:43)
	at java.lang.reflect.Method.invoke(Method.java:606)
	at org.apache.hadoop.util.RunJar.main(RunJar.java:212)
Cleanup action completed
Sun Apr 12 23:43:04 MSK 2015 Thread[main,5,main] Cleanup action starting
java.sql.SQLException: Failed to create database '/var/lib/hive/metastore/metastore_db', see the next exception for details.
	at org.apache.derby.impl.jdbc.SQLExceptionFactory40.getSQLException(Unknown Source)
	at org.apache.derby.impl.jdbc.Util.newEmbedSQLException(Unknown Source)
	at org.apache.derby.impl.jdbc.Util.seeNextException(Unknown Source)
	at org.apache.derby.impl.jdbc.EmbedConnection.createDatabase(Unknown Source)
	at org.apache.derby.impl.jdbc.EmbedConnection.<init>(Unknown Source)
	at org.apache.derby.impl.jdbc.EmbedConnection40.<init>(Unknown Source)
	at org.apache.derby.jdbc.Driver40.getNewEmbedConnection(Unknown Source)
	at org.apache.derby.jdbc.InternalDriver.connect(Unknown Source)
	at org.apache.derby.jdbc.Driver20.connect(Unknown Source)
	at org.apache.derby.jdbc.AutoloadedDriver.connect(Unknown Source)
	at java.sql.DriverManager.getConnection(DriverManager.java:571)
	at java.sql.DriverManager.getConnection(DriverManager.java:187)
	at com.jolbox.bonecp.BoneCP.obtainRawInternalConnection(BoneCP.java:349)
	at com.jolbox.bonecp.BoneCP.<init>(BoneCP.java:416)
	at com.jolbox.bonecp.BoneCPDataSource.getConnection(BoneCPDataSource.java:120)
	at org.datanucleus.store.rdbms.ConnectionFactoryImpl$ManagedConnectionImpl.getConnection(ConnectionFactoryImpl.java:501)
	at org.datanucleus.store.rdbms.RDBMSStoreManager.<init>(RDBMSStoreManager.java:298)
	at sun.reflect.NativeConstructorAccessorImpl.newInstance0(Native Method)
	at sun.reflect.NativeConstructorAccessorImpl.newInstance(NativeConstructorAccessorImpl.java:57)
	at sun.reflect.DelegatingConstructorAccessorImpl.newInstance(DelegatingConstructorAccessorImpl.java:45)
	at java.lang.reflect.Constructor.newInstance(Constructor.java:526)
	at org.datanucleus.plugin.NonManagedPluginRegistry.createExecutableExtension(NonManagedPluginRegistry.java:631)
	at org.datanucleus.plugin.PluginManager.createExecutableExtension(PluginManager.java:301)
	at org.datanucleus.NucleusContext.createStoreManagerForProperties(NucleusContext.java:1187)
	at org.datanucleus.NucleusContext.initialise(NucleusContext.java:356)
	at org.datanucleus.api.jdo.JDOPersistenceManagerFactory.freezeConfiguration(JDOPersistenceManagerFactory.java:775)
	at org.datanucleus.api.jdo.JDOPersistenceManagerFactory.createPersistenceManagerFactory(JDOPersistenceManagerFactory.java:333)
	at org.datanucleus.api.jdo.JDOPersistenceManagerFactory.getPersistenceManagerFactory(JDOPersistenceManagerFactory.java:202)
	at sun.reflect.NativeMethodAccessorImpl.invoke0(Native Method)
	at sun.reflect.NativeMethodAccessorImpl.invoke(NativeMethodAccessorImpl.java:57)
	at sun.reflect.DelegatingMethodAccessorImpl.invoke(DelegatingMethodAccessorImpl.java:43)
	at java.lang.reflect.Method.invoke(Method.java:606)
	at javax.jdo.JDOHelper$16.run(JDOHelper.java:1965)
	at java.security.AccessController.doPrivileged(Native Method)
	at javax.jdo.JDOHelper.invoke(JDOHelper.java:1960)
	at javax.jdo.JDOHelper.invokeGetPersistenceManagerFactoryOnImplementation(JDOHelper.java:1166)
	at javax.jdo.JDOHelper.getPersistenceManagerFactory(JDOHelper.java:808)
	at javax.jdo.JDOHelper.getPersistenceManagerFactory(JDOHelper.java:701)
	at org.apache.hadoop.hive.metastore.ObjectStore.getPMF(ObjectStore.java:313)
	at org.apache.hadoop.hive.metastore.ObjectStore.getPersistenceManager(ObjectStore.java:342)
	at org.apache.hadoop.hive.metastore.ObjectStore.initialize(ObjectStore.java:249)
	at org.apache.hadoop.hive.metastore.ObjectStore.setConf(ObjectStore.java:224)
	at org.apache.hadoop.util.ReflectionUtils.setConf(ReflectionUtils.java:73)
	at org.apache.hadoop.util.ReflectionUtils.newInstance(ReflectionUtils.java:133)
	at org.apache.hadoop.hive.metastore.RawStoreProxy.<init>(RawStoreProxy.java:58)
	at org.apache.hadoop.hive.metastore.RawStoreProxy.getProxy(RawStoreProxy.java:67)
	at org.apache.hadoop.hive.metastore.HiveMetaStore$HMSHandler.newRawStore(HiveMetaStore.java:506)
	at org.apache.hadoop.hive.metastore.HiveMetaStore$HMSHandler.getMS(HiveMetaStore.java:484)
	at org.apache.hadoop.hive.metastore.HiveMetaStore$HMSHandler.createDefaultDB(HiveMetaStore.java:532)
	at org.apache.hadoop.hive.metastore.HiveMetaStore$HMSHandler.init(HiveMetaStore.java:406)
	at org.apache.hadoop.hive.metastore.HiveMetaStore$HMSHandler.<init>(HiveMetaStore.java:365)
	at org.apache.hadoop.hive.metastore.RetryingHMSHandler.<init>(RetryingHMSHandler.java:55)
	at org.apache.hadoop.hive.metastore.RetryingHMSHandler.getProxy(RetryingHMSHandler.java:60)
	at org.apache.hadoop.hive.metastore.HiveMetaStore.newHMSHandler(HiveMetaStore.java:4953)
	at org.apache.hadoop.hive.metastore.HiveMetaStoreClient.<init>(HiveMetaStoreClient.java:172)
	at sun.reflect.NativeConstructorAccessorImpl.newInstance0(Native Method)
	at sun.reflect.NativeConstructorAccessorImpl.newInstance(NativeConstructorAccessorImpl.java:57)
	at sun.reflect.DelegatingConstructorAccessorImpl.newInstance(DelegatingConstructorAccessorImpl.java:45)
	at java.lang.reflect.Constructor.newInstance(Constructor.java:526)
	at org.apache.hadoop.hive.metastore.MetaStoreUtils.newInstance(MetaStoreUtils.java:1422)
	at org.apache.hadoop.hive.metastore.RetryingMetaStoreClient.<init>(RetryingMetaStoreClient.java:63)
	at org.apache.hadoop.hive.metastore.RetryingMetaStoreClient.getProxy(RetryingMetaStoreClient.java:73)
	at org.apache.hadoop.hive.ql.metadata.Hive.createMetaStoreClient(Hive.java:2462)
	at org.apache.hadoop.hive.ql.metadata.Hive.getMSC(Hive.java:2481)
	at org.apache.hadoop.hive.ql.session.SessionState.start(SessionState.java:340)
	at org.apache.hadoop.hive.cli.CliDriver.run(CliDriver.java:689)
	at org.apache.hadoop.hive.cli.CliDriver.main(CliDriver.java:633)
	at sun.reflect.NativeMethodAccessorImpl.invoke0(Native Method)
	at sun.reflect.NativeMethodAccessorImpl.invoke(NativeMethodAccessorImpl.java:57)
	at sun.reflect.DelegatingMethodAccessorImpl.invoke(DelegatingMethodAccessorImpl.java:43)
	at java.lang.reflect.Method.invoke(Method.java:606)
	at org.apache.hadoop.util.RunJar.main(RunJar.java:212)
Caused by: java.sql.SQLException: Failed to create database '/var/lib/hive/metastore/metastore_db', see the next exception for details.
	at org.apache.derby.impl.jdbc.SQLExceptionFactory.getSQLException(Unknown Source)
	at org.apache.derby.impl.jdbc.SQLExceptionFactory40.wrapArgsForTransportAcrossDRDA(Unknown Source)
	... 72 more
Caused by: java.sql.SQLException: Directory /var/lib/hive/metastore/metastore_db cannot be created.
	at org.apache.derby.impl.jdbc.SQLExceptionFactory.getSQLException(Unknown Source)
	at org.apache.derby.impl.jdbc.SQLExceptionFactory40.wrapArgsForTransportAcrossDRDA(Unknown Source)
	at org.apache.derby.impl.jdbc.SQLExceptionFactory40.getSQLException(Unknown Source)
	at org.apache.derby.impl.jdbc.Util.generateCsSQLException(Unknown Source)
	at org.apache.derby.impl.jdbc.TransactionResourceImpl.wrapInSQLException(Unknown Source)
	at org.apache.derby.impl.jdbc.TransactionResourceImpl.handleException(Unknown Source)
	at org.apache.derby.impl.jdbc.EmbedConnection.handleException(Unknown Source)
	... 69 more
Caused by: ERROR XBM0H: Directory /var/lib/hive/metastore/metastore_db cannot be created.
	at org.apache.derby.iapi.error.StandardException.newException(Unknown Source)
	at org.apache.derby.impl.services.monitor.StorageFactoryService$10.run(Unknown Source)
	at java.security.AccessController.doPrivileged(Native Method)
	at org.apache.derby.impl.services.monitor.StorageFactoryService.createServiceRoot(Unknown Source)
	at org.apache.derby.impl.services.monitor.BaseMonitor.bootService(Unknown Source)
	at org.apache.derby.impl.services.monitor.BaseMonitor.createPersistentService(Unknown Source)
	at org.apache.derby.iapi.services.monitor.Monitor.createPersistentService(Unknown Source)
	... 69 more
============= begin nested exception, level (1) ===========
java.sql.SQLException: Directory /var/lib/hive/metastore/metastore_db cannot be created.
	at org.apache.derby.impl.jdbc.SQLExceptionFactory40.getSQLException(Unknown Source)
	at org.apache.derby.impl.jdbc.Util.generateCsSQLException(Unknown Source)
	at org.apache.derby.impl.jdbc.TransactionResourceImpl.wrapInSQLException(Unknown Source)
	at org.apache.derby.impl.jdbc.TransactionResourceImpl.handleException(Unknown Source)
	at org.apache.derby.impl.jdbc.EmbedConnection.handleException(Unknown Source)
	at org.apache.derby.impl.jdbc.EmbedConnection.createDatabase(Unknown Source)
	at org.apache.derby.impl.jdbc.EmbedConnection.<init>(Unknown Source)
	at org.apache.derby.impl.jdbc.EmbedConnection40.<init>(Unknown Source)
	at org.apache.derby.jdbc.Driver40.getNewEmbedConnection(Unknown Source)
	at org.apache.derby.jdbc.InternalDriver.connect(Unknown Source)
	at org.apache.derby.jdbc.Driver20.connect(Unknown Source)
	at org.apache.derby.jdbc.AutoloadedDriver.connect(Unknown Source)
	at java.sql.DriverManager.getConnection(DriverManager.java:571)
	at java.sql.DriverManager.getConnection(DriverManager.java:187)
	at com.jolbox.bonecp.BoneCP.obtainRawInternalConnection(BoneCP.java:349)
	at com.jolbox.bonecp.BoneCP.<init>(BoneCP.java:416)
	at com.jolbox.bonecp.BoneCPDataSource.getConnection(BoneCPDataSource.java:120)
	at org.datanucleus.store.rdbms.ConnectionFactoryImpl$ManagedConnectionImpl.getConnection(ConnectionFactoryImpl.java:501)
	at org.datanucleus.store.rdbms.RDBMSStoreManager.<init>(RDBMSStoreManager.java:298)
	at sun.reflect.NativeConstructorAccessorImpl.newInstance0(Native Method)
	at sun.reflect.NativeConstructorAccessorImpl.newInstance(NativeConstructorAccessorImpl.java:57)
	at sun.reflect.DelegatingConstructorAccessorImpl.newInstance(DelegatingConstructorAccessorImpl.java:45)
	at java.lang.reflect.Constructor.newInstance(Constructor.java:526)
	at org.datanucleus.plugin.NonManagedPluginRegistry.createExecutableExtension(NonManagedPluginRegistry.java:631)
	at org.datanucleus.plugin.PluginManager.createExecutableExtension(PluginManager.java:301)
	at org.datanucleus.NucleusContext.createStoreManagerForProperties(NucleusContext.java:1187)
	at org.datanucleus.NucleusContext.initialise(NucleusContext.java:356)
	at org.datanucleus.api.jdo.JDOPersistenceManagerFactory.freezeConfiguration(JDOPersistenceManagerFactory.java:775)
	at org.datanucleus.api.jdo.JDOPersistenceManagerFactory.createPersistenceManagerFactory(JDOPersistenceManagerFactory.java:333)
	at org.datanucleus.api.jdo.JDOPersistenceManagerFactory.getPersistenceManagerFactory(JDOPersistenceManagerFactory.java:202)
	at sun.reflect.NativeMethodAccessorImpl.invoke0(Native Method)
	at sun.reflect.NativeMethodAccessorImpl.invoke(NativeMethodAccessorImpl.java:57)
	at sun.reflect.DelegatingMethodAccessorImpl.invoke(DelegatingMethodAccessorImpl.java:43)
	at java.lang.reflect.Method.invoke(Method.java:606)
	at javax.jdo.JDOHelper$16.run(JDOHelper.java:1965)
	at java.security.AccessController.doPrivileged(Native Method)
	at javax.jdo.JDOHelper.invoke(JDOHelper.java:1960)
	at javax.jdo.JDOHelper.invokeGetPersistenceManagerFactoryOnImplementation(JDOHelper.java:1166)
	at javax.jdo.JDOHelper.getPersistenceManagerFactory(JDOHelper.java:808)
	at javax.jdo.JDOHelper.getPersistenceManagerFactory(JDOHelper.java:701)
	at org.apache.hadoop.hive.metastore.ObjectStore.getPMF(ObjectStore.java:313)
	at org.apache.hadoop.hive.metastore.ObjectStore.getPersistenceManager(ObjectStore.java:342)
	at org.apache.hadoop.hive.metastore.ObjectStore.initialize(ObjectStore.java:249)
	at org.apache.hadoop.hive.metastore.ObjectStore.setConf(ObjectStore.java:224)
	at org.apache.hadoop.util.ReflectionUtils.setConf(ReflectionUtils.java:73)
	at org.apache.hadoop.util.ReflectionUtils.newInstance(ReflectionUtils.java:133)
	at org.apache.hadoop.hive.metastore.RawStoreProxy.<init>(RawStoreProxy.java:58)
	at org.apache.hadoop.hive.metastore.RawStoreProxy.getProxy(RawStoreProxy.java:67)
	at org.apache.hadoop.hive.metastore.HiveMetaStore$HMSHandler.newRawStore(HiveMetaStore.java:506)
	at org.apache.hadoop.hive.metastore.HiveMetaStore$HMSHandler.getMS(HiveMetaStore.java:484)
	at org.apache.hadoop.hive.metastore.HiveMetaStore$HMSHandler.createDefaultDB(HiveMetaStore.java:532)
	at org.apache.hadoop.hive.metastore.HiveMetaStore$HMSHandler.init(HiveMetaStore.java:406)
	at org.apache.hadoop.hive.metastore.HiveMetaStore$HMSHandler.<init>(HiveMetaStore.java:365)
	at org.apache.hadoop.hive.metastore.RetryingHMSHandler.<init>(RetryingHMSHandler.java:55)
	at org.apache.hadoop.hive.metastore.RetryingHMSHandler.getProxy(RetryingHMSHandler.java:60)
	at org.apache.hadoop.hive.metastore.HiveMetaStore.newHMSHandler(HiveMetaStore.java:4953)
	at org.apache.hadoop.hive.metastore.HiveMetaStoreClient.<init>(HiveMetaStoreClient.java:172)
	at sun.reflect.NativeConstructorAccessorImpl.newInstance0(Native Method)
	at sun.reflect.NativeConstructorAccessorImpl.newInstance(NativeConstructorAccessorImpl.java:57)
	at sun.reflect.DelegatingConstructorAccessorImpl.newInstance(DelegatingConstructorAccessorImpl.java:45)
	at java.lang.reflect.Constructor.newInstance(Constructor.java:526)
	at org.apache.hadoop.hive.metastore.MetaStoreUtils.newInstance(MetaStoreUtils.java:1422)
	at org.apache.hadoop.hive.metastore.RetryingMetaStoreClient.<init>(RetryingMetaStoreClient.java:63)
	at org.apache.hadoop.hive.metastore.RetryingMetaStoreClient.getProxy(RetryingMetaStoreClient.java:73)
	at org.apache.hadoop.hive.ql.metadata.Hive.createMetaStoreClient(Hive.java:2462)
	at org.apache.hadoop.hive.ql.metadata.Hive.getMSC(Hive.java:2481)
	at org.apache.hadoop.hive.ql.session.SessionState.start(SessionState.java:340)
	at org.apache.hadoop.hive.cli.CliDriver.run(CliDriver.java:689)
	at org.apache.hadoop.hive.cli.CliDriver.main(CliDriver.java:633)
	at sun.reflect.NativeMethodAccessorImpl.invoke0(Native Method)
	at sun.reflect.NativeMethodAccessorImpl.invoke(NativeMethodAccessorImpl.java:57)
	at sun.reflect.DelegatingMethodAccessorImpl.invoke(DelegatingMethodAccessorImpl.java:43)
	at java.lang.reflect.Method.invoke(Method.java:606)
	at org.apache.hadoop.util.RunJar.main(RunJar.java:212)
Caused by: java.sql.SQLException: Directory /var/lib/hive/metastore/metastore_db cannot be created.
	at org.apache.derby.impl.jdbc.SQLExceptionFactory.getSQLException(Unknown Source)
	at org.apache.derby.impl.jdbc.SQLExceptionFactory40.wrapArgsForTransportAcrossDRDA(Unknown Source)
	... 74 more
Caused by: ERROR XBM0H: Directory /var/lib/hive/metastore/metastore_db cannot be created.
	at org.apache.derby.iapi.error.StandardException.newException(Unknown Source)
	at org.apache.derby.impl.services.monitor.StorageFactoryService$10.run(Unknown Source)
	at java.security.AccessController.doPrivileged(Native Method)
	at org.apache.derby.impl.services.monitor.StorageFactoryService.createServiceRoot(Unknown Source)
	at org.apache.derby.impl.services.monitor.BaseMonitor.bootService(Unknown Source)
	at org.apache.derby.impl.services.monitor.BaseMonitor.createPersistentService(Unknown Source)
	at org.apache.derby.iapi.services.monitor.Monitor.createPersistentService(Unknown Source)
	... 69 more
============= end nested exception, level (1) ===========
============= begin nested exception, level (2) ===========
java.sql.SQLException: Directory /var/lib/hive/metastore/metastore_db cannot be created.
	at org.apache.derby.impl.jdbc.SQLExceptionFactory.getSQLException(Unknown Source)
	at org.apache.derby.impl.jdbc.SQLExceptionFactory40.wrapArgsForTransportAcrossDRDA(Unknown Source)
	at org.apache.derby.impl.jdbc.SQLExceptionFactory40.getSQLException(Unknown Source)
	at org.apache.derby.impl.jdbc.Util.generateCsSQLException(Unknown Source)
	at org.apache.derby.impl.jdbc.TransactionResourceImpl.wrapInSQLException(Unknown Source)
	at org.apache.derby.impl.jdbc.TransactionResourceImpl.handleException(Unknown Source)
	at org.apache.derby.impl.jdbc.EmbedConnection.handleException(Unknown Source)
	at org.apache.derby.impl.jdbc.EmbedConnection.createDatabase(Unknown Source)
	at org.apache.derby.impl.jdbc.EmbedConnection.<init>(Unknown Source)
	at org.apache.derby.impl.jdbc.EmbedConnection40.<init>(Unknown Source)
	at org.apache.derby.jdbc.Driver40.getNewEmbedConnection(Unknown Source)
	at org.apache.derby.jdbc.InternalDriver.connect(Unknown Source)
	at org.apache.derby.jdbc.Driver20.connect(Unknown Source)
	at org.apache.derby.jdbc.AutoloadedDriver.connect(Unknown Source)
	at java.sql.DriverManager.getConnection(DriverManager.java:571)
	at java.sql.DriverManager.getConnection(DriverManager.java:187)
	at com.jolbox.bonecp.BoneCP.obtainRawInternalConnection(BoneCP.java:349)
	at com.jolbox.bonecp.BoneCP.<init>(BoneCP.java:416)
	at com.jolbox.bonecp.BoneCPDataSource.getConnection(BoneCPDataSource.java:120)
	at org.datanucleus.store.rdbms.ConnectionFactoryImpl$ManagedConnectionImpl.getConnection(ConnectionFactoryImpl.java:501)
	at org.datanucleus.store.rdbms.RDBMSStoreManager.<init>(RDBMSStoreManager.java:298)
	at sun.reflect.NativeConstructorAccessorImpl.newInstance0(Native Method)
	at sun.reflect.NativeConstructorAccessorImpl.newInstance(NativeConstructorAccessorImpl.java:57)
	at sun.reflect.DelegatingConstructorAccessorImpl.newInstance(DelegatingConstructorAccessorImpl.java:45)
	at java.lang.reflect.Constructor.newInstance(Constructor.java:526)
	at org.datanucleus.plugin.NonManagedPluginRegistry.createExecutableExtension(NonManagedPluginRegistry.java:631)
	at org.datanucleus.plugin.PluginManager.createExecutableExtension(PluginManager.java:301)
	at org.datanucleus.NucleusContext.createStoreManagerForProperties(NucleusContext.java:1187)
	at org.datanucleus.NucleusContext.initialise(NucleusContext.java:356)
	at org.datanucleus.api.jdo.JDOPersistenceManagerFactory.freezeConfiguration(JDOPersistenceManagerFactory.java:775)
	at org.datanucleus.api.jdo.JDOPersistenceManagerFactory.createPersistenceManagerFactory(JDOPersistenceManagerFactory.java:333)
	at org.datanucleus.api.jdo.JDOPersistenceManagerFactory.getPersistenceManagerFactory(JDOPersistenceManagerFactory.java:202)
	at sun.reflect.NativeMethodAccessorImpl.invoke0(Native Method)
	at sun.reflect.NativeMethodAccessorImpl.invoke(NativeMethodAccessorImpl.java:57)
	at sun.reflect.DelegatingMethodAccessorImpl.invoke(DelegatingMethodAccessorImpl.java:43)
	at java.lang.reflect.Method.invoke(Method.java:606)
	at javax.jdo.JDOHelper$16.run(JDOHelper.java:1965)
	at java.security.AccessController.doPrivileged(Native Method)
	at javax.jdo.JDOHelper.invoke(JDOHelper.java:1960)
	at javax.jdo.JDOHelper.invokeGetPersistenceManagerFactoryOnImplementation(JDOHelper.java:1166)
	at javax.jdo.JDOHelper.getPersistenceManagerFactory(JDOHelper.java:808)
	at javax.jdo.JDOHelper.getPersistenceManagerFactory(JDOHelper.java:701)
	at org.apache.hadoop.hive.metastore.ObjectStore.getPMF(ObjectStore.java:313)
	at org.apache.hadoop.hive.metastore.ObjectStore.getPersistenceManager(ObjectStore.java:342)
	at org.apache.hadoop.hive.metastore.ObjectStore.initialize(ObjectStore.java:249)
	at org.apache.hadoop.hive.metastore.ObjectStore.setConf(ObjectStore.java:224)
	at org.apache.hadoop.util.ReflectionUtils.setConf(ReflectionUtils.java:73)
	at org.apache.hadoop.util.ReflectionUtils.newInstance(ReflectionUtils.java:133)
	at org.apache.hadoop.hive.metastore.RawStoreProxy.<init>(RawStoreProxy.java:58)
	at org.apache.hadoop.hive.metastore.RawStoreProxy.getProxy(RawStoreProxy.java:67)
	at org.apache.hadoop.hive.metastore.HiveMetaStore$HMSHandler.newRawStore(HiveMetaStore.java:506)
	at org.apache.hadoop.hive.metastore.HiveMetaStore$HMSHandler.getMS(HiveMetaStore.java:484)
	at org.apache.hadoop.hive.metastore.HiveMetaStore$HMSHandler.createDefaultDB(HiveMetaStore.java:532)
	at org.apache.hadoop.hive.metastore.HiveMetaStore$HMSHandler.init(HiveMetaStore.java:406)
	at org.apache.hadoop.hive.metastore.HiveMetaStore$HMSHandler.<init>(HiveMetaStore.java:365)
	at org.apache.hadoop.hive.metastore.RetryingHMSHandler.<init>(RetryingHMSHandler.java:55)
	at org.apache.hadoop.hive.metastore.RetryingHMSHandler.getProxy(RetryingHMSHandler.java:60)
	at org.apache.hadoop.hive.metastore.HiveMetaStore.newHMSHandler(HiveMetaStore.java:4953)
	at org.apache.hadoop.hive.metastore.HiveMetaStoreClient.<init>(HiveMetaStoreClient.java:172)
	at sun.reflect.NativeConstructorAccessorImpl.newInstance0(Native Method)
	at sun.reflect.NativeConstructorAccessorImpl.newInstance(NativeConstructorAccessorImpl.java:57)
	at sun.reflect.DelegatingConstructorAccessorImpl.newInstance(DelegatingConstructorAccessorImpl.java:45)
	at java.lang.reflect.Constructor.newInstance(Constructor.java:526)
	at org.apache.hadoop.hive.metastore.MetaStoreUtils.newInstance(MetaStoreUtils.java:1422)
	at org.apache.hadoop.hive.metastore.RetryingMetaStoreClient.<init>(RetryingMetaStoreClient.java:63)
	at org.apache.hadoop.hive.metastore.RetryingMetaStoreClient.getProxy(RetryingMetaStoreClient.java:73)
	at org.apache.hadoop.hive.ql.metadata.Hive.createMetaStoreClient(Hive.java:2462)
	at org.apache.hadoop.hive.ql.metadata.Hive.getMSC(Hive.java:2481)
	at org.apache.hadoop.hive.ql.session.SessionState.start(SessionState.java:340)
	at org.apache.hadoop.hive.cli.CliDriver.run(CliDriver.java:689)
	at org.apache.hadoop.hive.cli.CliDriver.main(CliDriver.java:633)
	at sun.reflect.NativeMethodAccessorImpl.invoke0(Native Method)
	at sun.reflect.NativeMethodAccessorImpl.invoke(NativeMethodAccessorImpl.java:57)
	at sun.reflect.DelegatingMethodAccessorImpl.invoke(DelegatingMethodAccessorImpl.java:43)
	at java.lang.reflect.Method.invoke(Method.java:606)
	at org.apache.hadoop.util.RunJar.main(RunJar.java:212)
Caused by: ERROR XBM0H: Directory /var/lib/hive/metastore/metastore_db cannot be created.
	at org.apache.derby.iapi.error.StandardException.newException(Unknown Source)
	at org.apache.derby.impl.services.monitor.StorageFactoryService$10.run(Unknown Source)
	at java.security.AccessController.doPrivileged(Native Method)
	at org.apache.derby.impl.services.monitor.StorageFactoryService.createServiceRoot(Unknown Source)
	at org.apache.derby.impl.services.monitor.BaseMonitor.bootService(Unknown Source)
	at org.apache.derby.impl.services.monitor.BaseMonitor.createPersistentService(Unknown Source)
	at org.apache.derby.iapi.services.monitor.Monitor.createPersistentService(Unknown Source)
	... 69 more
============= end nested exception, level (2) ===========
============= begin nested exception, level (3) ===========
ERROR XBM0H: Directory /var/lib/hive/metastore/metastore_db cannot be created.
	at org.apache.derby.iapi.error.StandardException.newException(Unknown Source)
	at org.apache.derby.impl.services.monitor.StorageFactoryService$10.run(Unknown Source)
	at java.security.AccessController.doPrivileged(Native Method)
	at org.apache.derby.impl.services.monitor.StorageFactoryService.createServiceRoot(Unknown Source)
	at org.apache.derby.impl.services.monitor.BaseMonitor.bootService(Unknown Source)
	at org.apache.derby.impl.services.monitor.BaseMonitor.createPersistentService(Unknown Source)
	at org.apache.derby.iapi.services.monitor.Monitor.createPersistentService(Unknown Source)
	at org.apache.derby.impl.jdbc.EmbedConnection.createDatabase(Unknown Source)
	at org.apache.derby.impl.jdbc.EmbedConnection.<init>(Unknown Source)
	at org.apache.derby.impl.jdbc.EmbedConnection40.<init>(Unknown Source)
	at org.apache.derby.jdbc.Driver40.getNewEmbedConnection(Unknown Source)
	at org.apache.derby.jdbc.InternalDriver.connect(Unknown Source)
	at org.apache.derby.jdbc.Driver20.connect(Unknown Source)
	at org.apache.derby.jdbc.AutoloadedDriver.connect(Unknown Source)
	at java.sql.DriverManager.getConnection(DriverManager.java:571)
	at java.sql.DriverManager.getConnection(DriverManager.java:187)
	at com.jolbox.bonecp.BoneCP.obtainRawInternalConnection(BoneCP.java:349)
	at com.jolbox.bonecp.BoneCP.<init>(BoneCP.java:416)
	at com.jolbox.bonecp.BoneCPDataSource.getConnection(BoneCPDataSource.java:120)
	at org.datanucleus.store.rdbms.ConnectionFactoryImpl$ManagedConnectionImpl.getConnection(ConnectionFactoryImpl.java:501)
	at org.datanucleus.store.rdbms.RDBMSStoreManager.<init>(RDBMSStoreManager.java:298)
	at sun.reflect.NativeConstructorAccessorImpl.newInstance0(Native Method)
	at sun.reflect.NativeConstructorAccessorImpl.newInstance(NativeConstructorAccessorImpl.java:57)
	at sun.reflect.DelegatingConstructorAccessorImpl.newInstance(DelegatingConstructorAccessorImpl.java:45)
	at java.lang.reflect.Constructor.newInstance(Constructor.java:526)
	at org.datanucleus.plugin.NonManagedPluginRegistry.createExecutableExtension(NonManagedPluginRegistry.java:631)
	at org.datanucleus.plugin.PluginManager.createExecutableExtension(PluginManager.java:301)
	at org.datanucleus.NucleusContext.createStoreManagerForProperties(NucleusContext.java:1187)
	at org.datanucleus.NucleusContext.initialise(NucleusContext.java:356)
	at org.datanucleus.api.jdo.JDOPersistenceManagerFactory.freezeConfiguration(JDOPersistenceManagerFactory.java:775)
	at org.datanucleus.api.jdo.JDOPersistenceManagerFactory.createPersistenceManagerFactory(JDOPersistenceManagerFactory.java:333)
	at org.datanucleus.api.jdo.JDOPersistenceManagerFactory.getPersistenceManagerFactory(JDOPersistenceManagerFactory.java:202)
	at sun.reflect.NativeMethodAccessorImpl.invoke0(Native Method)
	at sun.reflect.NativeMethodAccessorImpl.invoke(NativeMethodAccessorImpl.java:57)
	at sun.reflect.DelegatingMethodAccessorImpl.invoke(DelegatingMethodAccessorImpl.java:43)
	at java.lang.reflect.Method.invoke(Method.java:606)
	at javax.jdo.JDOHelper$16.run(JDOHelper.java:1965)
	at java.security.AccessController.doPrivileged(Native Method)
	at javax.jdo.JDOHelper.invoke(JDOHelper.java:1960)
	at javax.jdo.JDOHelper.invokeGetPersistenceManagerFactoryOnImplementation(JDOHelper.java:1166)
	at javax.jdo.JDOHelper.getPersistenceManagerFactory(JDOHelper.java:808)
	at javax.jdo.JDOHelper.getPersistenceManagerFactory(JDOHelper.java:701)
	at org.apache.hadoop.hive.metastore.ObjectStore.getPMF(ObjectStore.java:313)
	at org.apache.hadoop.hive.metastore.ObjectStore.getPersistenceManager(ObjectStore.java:342)
	at org.apache.hadoop.hive.metastore.ObjectStore.initialize(ObjectStore.java:249)
	at org.apache.hadoop.hive.metastore.ObjectStore.setConf(ObjectStore.java:224)
	at org.apache.hadoop.util.ReflectionUtils.setConf(ReflectionUtils.java:73)
	at org.apache.hadoop.util.ReflectionUtils.newInstance(ReflectionUtils.java:133)
	at org.apache.hadoop.hive.metastore.RawStoreProxy.<init>(RawStoreProxy.java:58)
	at org.apache.hadoop.hive.metastore.RawStoreProxy.getProxy(RawStoreProxy.java:67)
	at org.apache.hadoop.hive.metastore.HiveMetaStore$HMSHandler.newRawStore(HiveMetaStore.java:506)
	at org.apache.hadoop.hive.metastore.HiveMetaStore$HMSHandler.getMS(HiveMetaStore.java:484)
	at org.apache.hadoop.hive.metastore.HiveMetaStore$HMSHandler.createDefaultDB(HiveMetaStore.java:532)
	at org.apache.hadoop.hive.metastore.HiveMetaStore$HMSHandler.init(HiveMetaStore.java:406)
	at org.apache.hadoop.hive.metastore.HiveMetaStore$HMSHandler.<init>(HiveMetaStore.java:365)
	at org.apache.hadoop.hive.metastore.RetryingHMSHandler.<init>(RetryingHMSHandler.java:55)
	at org.apache.hadoop.hive.metastore.RetryingHMSHandler.getProxy(RetryingHMSHandler.java:60)
	at org.apache.hadoop.hive.metastore.HiveMetaStore.newHMSHandler(HiveMetaStore.java:4953)
	at org.apache.hadoop.hive.metastore.HiveMetaStoreClient.<init>(HiveMetaStoreClient.java:172)
	at sun.reflect.NativeConstructorAccessorImpl.newInstance0(Native Method)
	at sun.reflect.NativeConstructorAccessorImpl.newInstance(NativeConstructorAccessorImpl.java:57)
	at sun.reflect.DelegatingConstructorAccessorImpl.newInstance(DelegatingConstructorAccessorImpl.java:45)
	at java.lang.reflect.Constructor.newInstance(Constructor.java:526)
	at org.apache.hadoop.hive.metastore.MetaStoreUtils.newInstance(MetaStoreUtils.java:1422)
	at org.apache.hadoop.hive.metastore.RetryingMetaStoreClient.<init>(RetryingMetaStoreClient.java:63)
	at org.apache.hadoop.hive.metastore.RetryingMetaStoreClient.getProxy(RetryingMetaStoreClient.java:73)
	at org.apache.hadoop.hive.ql.metadata.Hive.createMetaStoreClient(Hive.java:2462)
	at org.apache.hadoop.hive.ql.metadata.Hive.getMSC(Hive.java:2481)
	at org.apache.hadoop.hive.ql.session.SessionState.start(SessionState.java:340)
	at org.apache.hadoop.hive.cli.CliDriver.run(CliDriver.java:689)
	at org.apache.hadoop.hive.cli.CliDriver.main(CliDriver.java:633)
	at sun.reflect.NativeMethodAccessorImpl.invoke0(Native Method)
	at sun.reflect.NativeMethodAccessorImpl.invoke(NativeMethodAccessorImpl.java:57)
	at sun.reflect.DelegatingMethodAccessorImpl.invoke(DelegatingMethodAccessorImpl.java:43)
	at java.lang.reflect.Method.invoke(Method.java:606)
	at org.apache.hadoop.util.RunJar.main(RunJar.java:212)
============= end nested exception, level (3) ===========
Cleanup action completed
Sun Apr 12 23:43:04 MSK 2015 Thread[main,5,main] Cleanup action starting
ERROR XBM0H: Directory /var/lib/hive/metastore/metastore_db cannot be created.
	at org.apache.derby.iapi.error.StandardException.newException(Unknown Source)
	at org.apache.derby.impl.services.monitor.StorageFactoryService$10.run(Unknown Source)
	at java.security.AccessController.doPrivileged(Native Method)
	at org.apache.derby.impl.services.monitor.StorageFactoryService.createServiceRoot(Unknown Source)
	at org.apache.derby.impl.services.monitor.BaseMonitor.bootService(Unknown Source)
	at org.apache.derby.impl.services.monitor.BaseMonitor.createPersistentService(Unknown Source)
	at org.apache.derby.iapi.services.monitor.Monitor.createPersistentService(Unknown Source)
	at org.apache.derby.impl.jdbc.EmbedConnection.createDatabase(Unknown Source)
	at org.apache.derby.impl.jdbc.EmbedConnection.<init>(Unknown Source)
	at org.apache.derby.impl.jdbc.EmbedConnection40.<init>(Unknown Source)
	at org.apache.derby.jdbc.Driver40.getNewEmbedConnection(Unknown Source)
	at org.apache.derby.jdbc.InternalDriver.connect(Unknown Source)
	at org.apache.derby.jdbc.Driver20.connect(Unknown Source)
	at org.apache.derby.jdbc.AutoloadedDriver.connect(Unknown Source)
	at java.sql.DriverManager.getConnection(DriverManager.java:571)
	at java.sql.DriverManager.getConnection(DriverManager.java:187)
	at com.jolbox.bonecp.BoneCP.obtainRawInternalConnection(BoneCP.java:361)
	at com.jolbox.bonecp.BoneCP.<init>(BoneCP.java:416)
	at com.jolbox.bonecp.BoneCPDataSource.getConnection(BoneCPDataSource.java:120)
	at org.datanucleus.store.rdbms.ConnectionFactoryImpl$ManagedConnectionImpl.getConnection(ConnectionFactoryImpl.java:501)
	at org.datanucleus.store.rdbms.RDBMSStoreManager.<init>(RDBMSStoreManager.java:298)
	at sun.reflect.NativeConstructorAccessorImpl.newInstance0(Native Method)
	at sun.reflect.NativeConstructorAccessorImpl.newInstance(NativeConstructorAccessorImpl.java:57)
	at sun.reflect.DelegatingConstructorAccessorImpl.newInstance(DelegatingConstructorAccessorImpl.java:45)
	at java.lang.reflect.Constructor.newInstance(Constructor.java:526)
	at org.datanucleus.plugin.NonManagedPluginRegistry.createExecutableExtension(NonManagedPluginRegistry.java:631)
	at org.datanucleus.plugin.PluginManager.createExecutableExtension(PluginManager.java:301)
	at org.datanucleus.NucleusContext.createStoreManagerForProperties(NucleusContext.java:1187)
	at org.datanucleus.NucleusContext.initialise(NucleusContext.java:356)
	at org.datanucleus.api.jdo.JDOPersistenceManagerFactory.freezeConfiguration(JDOPersistenceManagerFactory.java:775)
	at org.datanucleus.api.jdo.JDOPersistenceManagerFactory.createPersistenceManagerFactory(JDOPersistenceManagerFactory.java:333)
	at org.datanucleus.api.jdo.JDOPersistenceManagerFactory.getPersistenceManagerFactory(JDOPersistenceManagerFactory.java:202)
	at sun.reflect.NativeMethodAccessorImpl.invoke0(Native Method)
	at sun.reflect.NativeMethodAccessorImpl.invoke(NativeMethodAccessorImpl.java:57)
	at sun.reflect.DelegatingMethodAccessorImpl.invoke(DelegatingMethodAccessorImpl.java:43)
	at java.lang.reflect.Method.invoke(Method.java:606)
	at javax.jdo.JDOHelper$16.run(JDOHelper.java:1965)
	at java.security.AccessController.doPrivileged(Native Method)
	at javax.jdo.JDOHelper.invoke(JDOHelper.java:1960)
	at javax.jdo.JDOHelper.invokeGetPersistenceManagerFactoryOnImplementation(JDOHelper.java:1166)
	at javax.jdo.JDOHelper.getPersistenceManagerFactory(JDOHelper.java:808)
	at javax.jdo.JDOHelper.getPersistenceManagerFactory(JDOHelper.java:701)
	at org.apache.hadoop.hive.metastore.ObjectStore.getPMF(ObjectStore.java:313)
	at org.apache.hadoop.hive.metastore.ObjectStore.getPersistenceManager(ObjectStore.java:342)
	at org.apache.hadoop.hive.metastore.ObjectStore.initialize(ObjectStore.java:249)
	at org.apache.hadoop.hive.metastore.ObjectStore.setConf(ObjectStore.java:224)
	at org.apache.hadoop.util.ReflectionUtils.setConf(ReflectionUtils.java:73)
	at org.apache.hadoop.util.ReflectionUtils.newInstance(ReflectionUtils.java:133)
	at org.apache.hadoop.hive.metastore.RawStoreProxy.<init>(RawStoreProxy.java:58)
	at org.apache.hadoop.hive.metastore.RawStoreProxy.getProxy(RawStoreProxy.java:67)
	at org.apache.hadoop.hive.metastore.HiveMetaStore$HMSHandler.newRawStore(HiveMetaStore.java:506)
	at org.apache.hadoop.hive.metastore.HiveMetaStore$HMSHandler.getMS(HiveMetaStore.java:484)
	at org.apache.hadoop.hive.metastore.HiveMetaStore$HMSHandler.createDefaultDB(HiveMetaStore.java:532)
	at org.apache.hadoop.hive.metastore.HiveMetaStore$HMSHandler.init(HiveMetaStore.java:406)
	at org.apache.hadoop.hive.metastore.HiveMetaStore$HMSHandler.<init>(HiveMetaStore.java:365)
	at org.apache.hadoop.hive.metastore.RetryingHMSHandler.<init>(RetryingHMSHandler.java:55)
	at org.apache.hadoop.hive.metastore.RetryingHMSHandler.getProxy(RetryingHMSHandler.java:60)
	at org.apache.hadoop.hive.metastore.HiveMetaStore.newHMSHandler(HiveMetaStore.java:4953)
	at org.apache.hadoop.hive.metastore.HiveMetaStoreClient.<init>(HiveMetaStoreClient.java:172)
	at sun.reflect.NativeConstructorAccessorImpl.newInstance0(Native Method)
	at sun.reflect.NativeConstructorAccessorImpl.newInstance(NativeConstructorAccessorImpl.java:57)
	at sun.reflect.DelegatingConstructorAccessorImpl.newInstance(DelegatingConstructorAccessorImpl.java:45)
	at java.lang.reflect.Constructor.newInstance(Constructor.java:526)
	at org.apache.hadoop.hive.metastore.MetaStoreUtils.newInstance(MetaStoreUtils.java:1422)
	at org.apache.hadoop.hive.metastore.RetryingMetaStoreClient.<init>(RetryingMetaStoreClient.java:63)
	at org.apache.hadoop.hive.metastore.RetryingMetaStoreClient.getProxy(RetryingMetaStoreClient.java:73)
	at org.apache.hadoop.hive.ql.metadata.Hive.createMetaStoreClient(Hive.java:2462)
	at org.apache.hadoop.hive.ql.metadata.Hive.getMSC(Hive.java:2481)
	at org.apache.hadoop.hive.ql.session.SessionState.start(SessionState.java:340)
	at org.apache.hadoop.hive.cli.CliDriver.run(CliDriver.java:689)
	at org.apache.hadoop.hive.cli.CliDriver.main(CliDriver.java:633)
	at sun.reflect.NativeMethodAccessorImpl.invoke0(Native Method)
	at sun.reflect.NativeMethodAccessorImpl.invoke(NativeMethodAccessorImpl.java:57)
	at sun.reflect.DelegatingMethodAccessorImpl.invoke(DelegatingMethodAccessorImpl.java:43)
	at java.lang.reflect.Method.invoke(Method.java:606)
	at org.apache.hadoop.util.RunJar.main(RunJar.java:212)
Cleanup action completed
Sun Apr 12 23:43:04 MSK 2015 Thread[main,5,main] Cleanup action starting
java.sql.SQLException: Failed to create database '/var/lib/hive/metastore/metastore_db', see the next exception for details.
	at org.apache.derby.impl.jdbc.SQLExceptionFactory40.getSQLException(Unknown Source)
	at org.apache.derby.impl.jdbc.Util.newEmbedSQLException(Unknown Source)
	at org.apache.derby.impl.jdbc.Util.seeNextException(Unknown Source)
	at org.apache.derby.impl.jdbc.EmbedConnection.createDatabase(Unknown Source)
	at org.apache.derby.impl.jdbc.EmbedConnection.<init>(Unknown Source)
	at org.apache.derby.impl.jdbc.EmbedConnection40.<init>(Unknown Source)
	at org.apache.derby.jdbc.Driver40.getNewEmbedConnection(Unknown Source)
	at org.apache.derby.jdbc.InternalDriver.connect(Unknown Source)
	at org.apache.derby.jdbc.Driver20.connect(Unknown Source)
	at org.apache.derby.jdbc.AutoloadedDriver.connect(Unknown Source)
	at java.sql.DriverManager.getConnection(DriverManager.java:571)
	at java.sql.DriverManager.getConnection(DriverManager.java:187)
	at com.jolbox.bonecp.BoneCP.obtainRawInternalConnection(BoneCP.java:361)
	at com.jolbox.bonecp.BoneCP.<init>(BoneCP.java:416)
	at com.jolbox.bonecp.BoneCPDataSource.getConnection(BoneCPDataSource.java:120)
	at org.datanucleus.store.rdbms.ConnectionFactoryImpl$ManagedConnectionImpl.getConnection(ConnectionFactoryImpl.java:501)
	at org.datanucleus.store.rdbms.RDBMSStoreManager.<init>(RDBMSStoreManager.java:298)
	at sun.reflect.NativeConstructorAccessorImpl.newInstance0(Native Method)
	at sun.reflect.NativeConstructorAccessorImpl.newInstance(NativeConstructorAccessorImpl.java:57)
	at sun.reflect.DelegatingConstructorAccessorImpl.newInstance(DelegatingConstructorAccessorImpl.java:45)
	at java.lang.reflect.Constructor.newInstance(Constructor.java:526)
	at org.datanucleus.plugin.NonManagedPluginRegistry.createExecutableExtension(NonManagedPluginRegistry.java:631)
	at org.datanucleus.plugin.PluginManager.createExecutableExtension(PluginManager.java:301)
	at org.datanucleus.NucleusContext.createStoreManagerForProperties(NucleusContext.java:1187)
	at org.datanucleus.NucleusContext.initialise(NucleusContext.java:356)
	at org.datanucleus.api.jdo.JDOPersistenceManagerFactory.freezeConfiguration(JDOPersistenceManagerFactory.java:775)
	at org.datanucleus.api.jdo.JDOPersistenceManagerFactory.createPersistenceManagerFactory(JDOPersistenceManagerFactory.java:333)
	at org.datanucleus.api.jdo.JDOPersistenceManagerFactory.getPersistenceManagerFactory(JDOPersistenceManagerFactory.java:202)
	at sun.reflect.NativeMethodAccessorImpl.invoke0(Native Method)
	at sun.reflect.NativeMethodAccessorImpl.invoke(NativeMethodAccessorImpl.java:57)
	at sun.reflect.DelegatingMethodAccessorImpl.invoke(DelegatingMethodAccessorImpl.java:43)
	at java.lang.reflect.Method.invoke(Method.java:606)
	at javax.jdo.JDOHelper$16.run(JDOHelper.java:1965)
	at java.security.AccessController.doPrivileged(Native Method)
	at javax.jdo.JDOHelper.invoke(JDOHelper.java:1960)
	at javax.jdo.JDOHelper.invokeGetPersistenceManagerFactoryOnImplementation(JDOHelper.java:1166)
	at javax.jdo.JDOHelper.getPersistenceManagerFactory(JDOHelper.java:808)
	at javax.jdo.JDOHelper.getPersistenceManagerFactory(JDOHelper.java:701)
	at org.apache.hadoop.hive.metastore.ObjectStore.getPMF(ObjectStore.java:313)
	at org.apache.hadoop.hive.metastore.ObjectStore.getPersistenceManager(ObjectStore.java:342)
	at org.apache.hadoop.hive.metastore.ObjectStore.initialize(ObjectStore.java:249)
	at org.apache.hadoop.hive.metastore.ObjectStore.setConf(ObjectStore.java:224)
	at org.apache.hadoop.util.ReflectionUtils.setConf(ReflectionUtils.java:73)
	at org.apache.hadoop.util.ReflectionUtils.newInstance(ReflectionUtils.java:133)
	at org.apache.hadoop.hive.metastore.RawStoreProxy.<init>(RawStoreProxy.java:58)
	at org.apache.hadoop.hive.metastore.RawStoreProxy.getProxy(RawStoreProxy.java:67)
	at org.apache.hadoop.hive.metastore.HiveMetaStore$HMSHandler.newRawStore(HiveMetaStore.java:506)
	at org.apache.hadoop.hive.metastore.HiveMetaStore$HMSHandler.getMS(HiveMetaStore.java:484)
	at org.apache.hadoop.hive.metastore.HiveMetaStore$HMSHandler.createDefaultDB(HiveMetaStore.java:532)
	at org.apache.hadoop.hive.metastore.HiveMetaStore$HMSHandler.init(HiveMetaStore.java:406)
	at org.apache.hadoop.hive.metastore.HiveMetaStore$HMSHandler.<init>(HiveMetaStore.java:365)
	at org.apache.hadoop.hive.metastore.RetryingHMSHandler.<init>(RetryingHMSHandler.java:55)
	at org.apache.hadoop.hive.metastore.RetryingHMSHandler.getProxy(RetryingHMSHandler.java:60)
	at org.apache.hadoop.hive.metastore.HiveMetaStore.newHMSHandler(HiveMetaStore.java:4953)
	at org.apache.hadoop.hive.metastore.HiveMetaStoreClient.<init>(HiveMetaStoreClient.java:172)
	at sun.reflect.NativeConstructorAccessorImpl.newInstance0(Native Method)
	at sun.reflect.NativeConstructorAccessorImpl.newInstance(NativeConstructorAccessorImpl.java:57)
	at sun.reflect.DelegatingConstructorAccessorImpl.newInstance(DelegatingConstructorAccessorImpl.java:45)
	at java.lang.reflect.Constructor.newInstance(Constructor.java:526)
	at org.apache.hadoop.hive.metastore.MetaStoreUtils.newInstance(MetaStoreUtils.java:1422)
	at org.apache.hadoop.hive.metastore.RetryingMetaStoreClient.<init>(RetryingMetaStoreClient.java:63)
	at org.apache.hadoop.hive.metastore.RetryingMetaStoreClient.getProxy(RetryingMetaStoreClient.java:73)
	at org.apache.hadoop.hive.ql.metadata.Hive.createMetaStoreClient(Hive.java:2462)
	at org.apache.hadoop.hive.ql.metadata.Hive.getMSC(Hive.java:2481)
	at org.apache.hadoop.hive.ql.session.SessionState.start(SessionState.java:340)
	at org.apache.hadoop.hive.cli.CliDriver.run(CliDriver.java:689)
	at org.apache.hadoop.hive.cli.CliDriver.main(CliDriver.java:633)
	at sun.reflect.NativeMethodAccessorImpl.invoke0(Native Method)
	at sun.reflect.NativeMethodAccessorImpl.invoke(NativeMethodAccessorImpl.java:57)
	at sun.reflect.DelegatingMethodAccessorImpl.invoke(DelegatingMethodAccessorImpl.java:43)
	at java.lang.reflect.Method.invoke(Method.java:606)
	at org.apache.hadoop.util.RunJar.main(RunJar.java:212)
Caused by: java.sql.SQLException: Failed to create database '/var/lib/hive/metastore/metastore_db', see the next exception for details.
	at org.apache.derby.impl.jdbc.SQLExceptionFactory.getSQLException(Unknown Source)
	at org.apache.derby.impl.jdbc.SQLExceptionFactory40.wrapArgsForTransportAcrossDRDA(Unknown Source)
	... 72 more
Caused by: java.sql.SQLException: Directory /var/lib/hive/metastore/metastore_db cannot be created.
	at org.apache.derby.impl.jdbc.SQLExceptionFactory.getSQLException(Unknown Source)
	at org.apache.derby.impl.jdbc.SQLExceptionFactory40.wrapArgsForTransportAcrossDRDA(Unknown Source)
	at org.apache.derby.impl.jdbc.SQLExceptionFactory40.getSQLException(Unknown Source)
	at org.apache.derby.impl.jdbc.Util.generateCsSQLException(Unknown Source)
	at org.apache.derby.impl.jdbc.TransactionResourceImpl.wrapInSQLException(Unknown Source)
	at org.apache.derby.impl.jdbc.TransactionResourceImpl.handleException(Unknown Source)
	at org.apache.derby.impl.jdbc.EmbedConnection.handleException(Unknown Source)
	... 69 more
Caused by: ERROR XBM0H: Directory /var/lib/hive/metastore/metastore_db cannot be created.
	at org.apache.derby.iapi.error.StandardException.newException(Unknown Source)
	at org.apache.derby.impl.services.monitor.StorageFactoryService$10.run(Unknown Source)
	at java.security.AccessController.doPrivileged(Native Method)
	at org.apache.derby.impl.services.monitor.StorageFactoryService.createServiceRoot(Unknown Source)
	at org.apache.derby.impl.services.monitor.BaseMonitor.bootService(Unknown Source)
	at org.apache.derby.impl.services.monitor.BaseMonitor.createPersistentService(Unknown Source)
	at org.apache.derby.iapi.services.monitor.Monitor.createPersistentService(Unknown Source)
	... 69 more
============= begin nested exception, level (1) ===========
java.sql.SQLException: Directory /var/lib/hive/metastore/metastore_db cannot be created.
	at org.apache.derby.impl.jdbc.SQLExceptionFactory40.getSQLException(Unknown Source)
	at org.apache.derby.impl.jdbc.Util.generateCsSQLException(Unknown Source)
	at org.apache.derby.impl.jdbc.TransactionResourceImpl.wrapInSQLException(Unknown Source)
	at org.apache.derby.impl.jdbc.TransactionResourceImpl.handleException(Unknown Source)
	at org.apache.derby.impl.jdbc.EmbedConnection.handleException(Unknown Source)
	at org.apache.derby.impl.jdbc.EmbedConnection.createDatabase(Unknown Source)
	at org.apache.derby.impl.jdbc.EmbedConnection.<init>(Unknown Source)
	at org.apache.derby.impl.jdbc.EmbedConnection40.<init>(Unknown Source)
	at org.apache.derby.jdbc.Driver40.getNewEmbedConnection(Unknown Source)
	at org.apache.derby.jdbc.InternalDriver.connect(Unknown Source)
	at org.apache.derby.jdbc.Driver20.connect(Unknown Source)
	at org.apache.derby.jdbc.AutoloadedDriver.connect(Unknown Source)
	at java.sql.DriverManager.getConnection(DriverManager.java:571)
	at java.sql.DriverManager.getConnection(DriverManager.java:187)
	at com.jolbox.bonecp.BoneCP.obtainRawInternalConnection(BoneCP.java:361)
	at com.jolbox.bonecp.BoneCP.<init>(BoneCP.java:416)
	at com.jolbox.bonecp.BoneCPDataSource.getConnection(BoneCPDataSource.java:120)
	at org.datanucleus.store.rdbms.ConnectionFactoryImpl$ManagedConnectionImpl.getConnection(ConnectionFactoryImpl.java:501)
	at org.datanucleus.store.rdbms.RDBMSStoreManager.<init>(RDBMSStoreManager.java:298)
	at sun.reflect.NativeConstructorAccessorImpl.newInstance0(Native Method)
	at sun.reflect.NativeConstructorAccessorImpl.newInstance(NativeConstructorAccessorImpl.java:57)
	at sun.reflect.DelegatingConstructorAccessorImpl.newInstance(DelegatingConstructorAccessorImpl.java:45)
	at java.lang.reflect.Constructor.newInstance(Constructor.java:526)
	at org.datanucleus.plugin.NonManagedPluginRegistry.createExecutableExtension(NonManagedPluginRegistry.java:631)
	at org.datanucleus.plugin.PluginManager.createExecutableExtension(PluginManager.java:301)
	at org.datanucleus.NucleusContext.createStoreManagerForProperties(NucleusContext.java:1187)
	at org.datanucleus.NucleusContext.initialise(NucleusContext.java:356)
	at org.datanucleus.api.jdo.JDOPersistenceManagerFactory.freezeConfiguration(JDOPersistenceManagerFactory.java:775)
	at org.datanucleus.api.jdo.JDOPersistenceManagerFactory.createPersistenceManagerFactory(JDOPersistenceManagerFactory.java:333)
	at org.datanucleus.api.jdo.JDOPersistenceManagerFactory.getPersistenceManagerFactory(JDOPersistenceManagerFactory.java:202)
	at sun.reflect.NativeMethodAccessorImpl.invoke0(Native Method)
	at sun.reflect.NativeMethodAccessorImpl.invoke(NativeMethodAccessorImpl.java:57)
	at sun.reflect.DelegatingMethodAccessorImpl.invoke(DelegatingMethodAccessorImpl.java:43)
	at java.lang.reflect.Method.invoke(Method.java:606)
	at javax.jdo.JDOHelper$16.run(JDOHelper.java:1965)
	at java.security.AccessController.doPrivileged(Native Method)
	at javax.jdo.JDOHelper.invoke(JDOHelper.java:1960)
	at javax.jdo.JDOHelper.invokeGetPersistenceManagerFactoryOnImplementation(JDOHelper.java:1166)
	at javax.jdo.JDOHelper.getPersistenceManagerFactory(JDOHelper.java:808)
	at javax.jdo.JDOHelper.getPersistenceManagerFactory(JDOHelper.java:701)
	at org.apache.hadoop.hive.metastore.ObjectStore.getPMF(ObjectStore.java:313)
	at org.apache.hadoop.hive.metastore.ObjectStore.getPersistenceManager(ObjectStore.java:342)
	at org.apache.hadoop.hive.metastore.ObjectStore.initialize(ObjectStore.java:249)
	at org.apache.hadoop.hive.metastore.ObjectStore.setConf(ObjectStore.java:224)
	at org.apache.hadoop.util.ReflectionUtils.setConf(ReflectionUtils.java:73)
	at org.apache.hadoop.util.ReflectionUtils.newInstance(ReflectionUtils.java:133)
	at org.apache.hadoop.hive.metastore.RawStoreProxy.<init>(RawStoreProxy.java:58)
	at org.apache.hadoop.hive.metastore.RawStoreProxy.getProxy(RawStoreProxy.java:67)
	at org.apache.hadoop.hive.metastore.HiveMetaStore$HMSHandler.newRawStore(HiveMetaStore.java:506)
	at org.apache.hadoop.hive.metastore.HiveMetaStore$HMSHandler.getMS(HiveMetaStore.java:484)
	at org.apache.hadoop.hive.metastore.HiveMetaStore$HMSHandler.createDefaultDB(HiveMetaStore.java:532)
	at org.apache.hadoop.hive.metastore.HiveMetaStore$HMSHandler.init(HiveMetaStore.java:406)
	at org.apache.hadoop.hive.metastore.HiveMetaStore$HMSHandler.<init>(HiveMetaStore.java:365)
	at org.apache.hadoop.hive.metastore.RetryingHMSHandler.<init>(RetryingHMSHandler.java:55)
	at org.apache.hadoop.hive.metastore.RetryingHMSHandler.getProxy(RetryingHMSHandler.java:60)
	at org.apache.hadoop.hive.metastore.HiveMetaStore.newHMSHandler(HiveMetaStore.java:4953)
	at org.apache.hadoop.hive.metastore.HiveMetaStoreClient.<init>(HiveMetaStoreClient.java:172)
	at sun.reflect.NativeConstructorAccessorImpl.newInstance0(Native Method)
	at sun.reflect.NativeConstructorAccessorImpl.newInstance(NativeConstructorAccessorImpl.java:57)
	at sun.reflect.DelegatingConstructorAccessorImpl.newInstance(DelegatingConstructorAccessorImpl.java:45)
	at java.lang.reflect.Constructor.newInstance(Constructor.java:526)
	at org.apache.hadoop.hive.metastore.MetaStoreUtils.newInstance(MetaStoreUtils.java:1422)
	at org.apache.hadoop.hive.metastore.RetryingMetaStoreClient.<init>(RetryingMetaStoreClient.java:63)
	at org.apache.hadoop.hive.metastore.RetryingMetaStoreClient.getProxy(RetryingMetaStoreClient.java:73)
	at org.apache.hadoop.hive.ql.metadata.Hive.createMetaStoreClient(Hive.java:2462)
	at org.apache.hadoop.hive.ql.metadata.Hive.getMSC(Hive.java:2481)
	at org.apache.hadoop.hive.ql.session.SessionState.start(SessionState.java:340)
	at org.apache.hadoop.hive.cli.CliDriver.run(CliDriver.java:689)
	at org.apache.hadoop.hive.cli.CliDriver.main(CliDriver.java:633)
	at sun.reflect.NativeMethodAccessorImpl.invoke0(Native Method)
	at sun.reflect.NativeMethodAccessorImpl.invoke(NativeMethodAccessorImpl.java:57)
	at sun.reflect.DelegatingMethodAccessorImpl.invoke(DelegatingMethodAccessorImpl.java:43)
	at java.lang.reflect.Method.invoke(Method.java:606)
	at org.apache.hadoop.util.RunJar.main(RunJar.java:212)
Caused by: java.sql.SQLException: Directory /var/lib/hive/metastore/metastore_db cannot be created.
	at org.apache.derby.impl.jdbc.SQLExceptionFactory.getSQLException(Unknown Source)
	at org.apache.derby.impl.jdbc.SQLExceptionFactory40.wrapArgsForTransportAcrossDRDA(Unknown Source)
	... 74 more
Caused by: ERROR XBM0H: Directory /var/lib/hive/metastore/metastore_db cannot be created.
	at org.apache.derby.iapi.error.StandardException.newException(Unknown Source)
	at org.apache.derby.impl.services.monitor.StorageFactoryService$10.run(Unknown Source)
	at java.security.AccessController.doPrivileged(Native Method)
	at org.apache.derby.impl.services.monitor.StorageFactoryService.createServiceRoot(Unknown Source)
	at org.apache.derby.impl.services.monitor.BaseMonitor.bootService(Unknown Source)
	at org.apache.derby.impl.services.monitor.BaseMonitor.createPersistentService(Unknown Source)
	at org.apache.derby.iapi.services.monitor.Monitor.createPersistentService(Unknown Source)
	... 69 more
============= end nested exception, level (1) ===========
============= begin nested exception, level (2) ===========
java.sql.SQLException: Directory /var/lib/hive/metastore/metastore_db cannot be created.
	at org.apache.derby.impl.jdbc.SQLExceptionFactory.getSQLException(Unknown Source)
	at org.apache.derby.impl.jdbc.SQLExceptionFactory40.wrapArgsForTransportAcrossDRDA(Unknown Source)
	at org.apache.derby.impl.jdbc.SQLExceptionFactory40.getSQLException(Unknown Source)
	at org.apache.derby.impl.jdbc.Util.generateCsSQLException(Unknown Source)
	at org.apache.derby.impl.jdbc.TransactionResourceImpl.wrapInSQLException(Unknown Source)
	at org.apache.derby.impl.jdbc.TransactionResourceImpl.handleException(Unknown Source)
	at org.apache.derby.impl.jdbc.EmbedConnection.handleException(Unknown Source)
	at org.apache.derby.impl.jdbc.EmbedConnection.createDatabase(Unknown Source)
	at org.apache.derby.impl.jdbc.EmbedConnection.<init>(Unknown Source)
	at org.apache.derby.impl.jdbc.EmbedConnection40.<init>(Unknown Source)
	at org.apache.derby.jdbc.Driver40.getNewEmbedConnection(Unknown Source)
	at org.apache.derby.jdbc.InternalDriver.connect(Unknown Source)
	at org.apache.derby.jdbc.Driver20.connect(Unknown Source)
	at org.apache.derby.jdbc.AutoloadedDriver.connect(Unknown Source)
	at java.sql.DriverManager.getConnection(DriverManager.java:571)
	at java.sql.DriverManager.getConnection(DriverManager.java:187)
	at com.jolbox.bonecp.BoneCP.obtainRawInternalConnection(BoneCP.java:361)
	at com.jolbox.bonecp.BoneCP.<init>(BoneCP.java:416)
	at com.jolbox.bonecp.BoneCPDataSource.getConnection(BoneCPDataSource.java:120)
	at org.datanucleus.store.rdbms.ConnectionFactoryImpl$ManagedConnectionImpl.getConnection(ConnectionFactoryImpl.java:501)
	at org.datanucleus.store.rdbms.RDBMSStoreManager.<init>(RDBMSStoreManager.java:298)
	at sun.reflect.NativeConstructorAccessorImpl.newInstance0(Native Method)
	at sun.reflect.NativeConstructorAccessorImpl.newInstance(NativeConstructorAccessorImpl.java:57)
	at sun.reflect.DelegatingConstructorAccessorImpl.newInstance(DelegatingConstructorAccessorImpl.java:45)
	at java.lang.reflect.Constructor.newInstance(Constructor.java:526)
	at org.datanucleus.plugin.NonManagedPluginRegistry.createExecutableExtension(NonManagedPluginRegistry.java:631)
	at org.datanucleus.plugin.PluginManager.createExecutableExtension(PluginManager.java:301)
	at org.datanucleus.NucleusContext.createStoreManagerForProperties(NucleusContext.java:1187)
	at org.datanucleus.NucleusContext.initialise(NucleusContext.java:356)
	at org.datanucleus.api.jdo.JDOPersistenceManagerFactory.freezeConfiguration(JDOPersistenceManagerFactory.java:775)
	at org.datanucleus.api.jdo.JDOPersistenceManagerFactory.createPersistenceManagerFactory(JDOPersistenceManagerFactory.java:333)
	at org.datanucleus.api.jdo.JDOPersistenceManagerFactory.getPersistenceManagerFactory(JDOPersistenceManagerFactory.java:202)
	at sun.reflect.NativeMethodAccessorImpl.invoke0(Native Method)
	at sun.reflect.NativeMethodAccessorImpl.invoke(NativeMethodAccessorImpl.java:57)
	at sun.reflect.DelegatingMethodAccessorImpl.invoke(DelegatingMethodAccessorImpl.java:43)
	at java.lang.reflect.Method.invoke(Method.java:606)
	at javax.jdo.JDOHelper$16.run(JDOHelper.java:1965)
	at java.security.AccessController.doPrivileged(Native Method)
	at javax.jdo.JDOHelper.invoke(JDOHelper.java:1960)
	at javax.jdo.JDOHelper.invokeGetPersistenceManagerFactoryOnImplementation(JDOHelper.java:1166)
	at javax.jdo.JDOHelper.getPersistenceManagerFactory(JDOHelper.java:808)
	at javax.jdo.JDOHelper.getPersistenceManagerFactory(JDOHelper.java:701)
	at org.apache.hadoop.hive.metastore.ObjectStore.getPMF(ObjectStore.java:313)
	at org.apache.hadoop.hive.metastore.ObjectStore.getPersistenceManager(ObjectStore.java:342)
	at org.apache.hadoop.hive.metastore.ObjectStore.initialize(ObjectStore.java:249)
	at org.apache.hadoop.hive.metastore.ObjectStore.setConf(ObjectStore.java:224)
	at org.apache.hadoop.util.ReflectionUtils.setConf(ReflectionUtils.java:73)
	at org.apache.hadoop.util.ReflectionUtils.newInstance(ReflectionUtils.java:133)
	at org.apache.hadoop.hive.metastore.RawStoreProxy.<init>(RawStoreProxy.java:58)
	at org.apache.hadoop.hive.metastore.RawStoreProxy.getProxy(RawStoreProxy.java:67)
	at org.apache.hadoop.hive.metastore.HiveMetaStore$HMSHandler.newRawStore(HiveMetaStore.java:506)
	at org.apache.hadoop.hive.metastore.HiveMetaStore$HMSHandler.getMS(HiveMetaStore.java:484)
	at org.apache.hadoop.hive.metastore.HiveMetaStore$HMSHandler.createDefaultDB(HiveMetaStore.java:532)
	at org.apache.hadoop.hive.metastore.HiveMetaStore$HMSHandler.init(HiveMetaStore.java:406)
	at org.apache.hadoop.hive.metastore.HiveMetaStore$HMSHandler.<init>(HiveMetaStore.java:365)
	at org.apache.hadoop.hive.metastore.RetryingHMSHandler.<init>(RetryingHMSHandler.java:55)
	at org.apache.hadoop.hive.metastore.RetryingHMSHandler.getProxy(RetryingHMSHandler.java:60)
	at org.apache.hadoop.hive.metastore.HiveMetaStore.newHMSHandler(HiveMetaStore.java:4953)
	at org.apache.hadoop.hive.metastore.HiveMetaStoreClient.<init>(HiveMetaStoreClient.java:172)
	at sun.reflect.NativeConstructorAccessorImpl.newInstance0(Native Method)
	at sun.reflect.NativeConstructorAccessorImpl.newInstance(NativeConstructorAccessorImpl.java:57)
	at sun.reflect.DelegatingConstructorAccessorImpl.newInstance(DelegatingConstructorAccessorImpl.java:45)
	at java.lang.reflect.Constructor.newInstance(Constructor.java:526)
	at org.apache.hadoop.hive.metastore.MetaStoreUtils.newInstance(MetaStoreUtils.java:1422)
	at org.apache.hadoop.hive.metastore.RetryingMetaStoreClient.<init>(RetryingMetaStoreClient.java:63)
	at org.apache.hadoop.hive.metastore.RetryingMetaStoreClient.getProxy(RetryingMetaStoreClient.java:73)
	at org.apache.hadoop.hive.ql.metadata.Hive.createMetaStoreClient(Hive.java:2462)
	at org.apache.hadoop.hive.ql.metadata.Hive.getMSC(Hive.java:2481)
	at org.apache.hadoop.hive.ql.session.SessionState.start(SessionState.java:340)
	at org.apache.hadoop.hive.cli.CliDriver.run(CliDriver.java:689)
	at org.apache.hadoop.hive.cli.CliDriver.main(CliDriver.java:633)
	at sun.reflect.NativeMethodAccessorImpl.invoke0(Native Method)
	at sun.reflect.NativeMethodAccessorImpl.invoke(NativeMethodAccessorImpl.java:57)
	at sun.reflect.DelegatingMethodAccessorImpl.invoke(DelegatingMethodAccessorImpl.java:43)
	at java.lang.reflect.Method.invoke(Method.java:606)
	at org.apache.hadoop.util.RunJar.main(RunJar.java:212)
Caused by: ERROR XBM0H: Directory /var/lib/hive/metastore/metastore_db cannot be created.
	at org.apache.derby.iapi.error.StandardException.newException(Unknown Source)
	at org.apache.derby.impl.services.monitor.StorageFactoryService$10.run(Unknown Source)
	at java.security.AccessController.doPrivileged(Native Method)
	at org.apache.derby.impl.services.monitor.StorageFactoryService.createServiceRoot(Unknown Source)
	at org.apache.derby.impl.services.monitor.BaseMonitor.bootService(Unknown Source)
	at org.apache.derby.impl.services.monitor.BaseMonitor.createPersistentService(Unknown Source)
	at org.apache.derby.iapi.services.monitor.Monitor.createPersistentService(Unknown Source)
	... 69 more
============= end nested exception, level (2) ===========
============= begin nested exception, level (3) ===========
ERROR XBM0H: Directory /var/lib/hive/metastore/metastore_db cannot be created.
	at org.apache.derby.iapi.error.StandardException.newException(Unknown Source)
	at org.apache.derby.impl.services.monitor.StorageFactoryService$10.run(Unknown Source)
	at java.security.AccessController.doPrivileged(Native Method)
	at org.apache.derby.impl.services.monitor.StorageFactoryService.createServiceRoot(Unknown Source)
	at org.apache.derby.impl.services.monitor.BaseMonitor.bootService(Unknown Source)
	at org.apache.derby.impl.services.monitor.BaseMonitor.createPersistentService(Unknown Source)
	at org.apache.derby.iapi.services.monitor.Monitor.createPersistentService(Unknown Source)
	at org.apache.derby.impl.jdbc.EmbedConnection.createDatabase(Unknown Source)
	at org.apache.derby.impl.jdbc.EmbedConnection.<init>(Unknown Source)
	at org.apache.derby.impl.jdbc.EmbedConnection40.<init>(Unknown Source)
	at org.apache.derby.jdbc.Driver40.getNewEmbedConnection(Unknown Source)
	at org.apache.derby.jdbc.InternalDriver.connect(Unknown Source)
	at org.apache.derby.jdbc.Driver20.connect(Unknown Source)
	at org.apache.derby.jdbc.AutoloadedDriver.connect(Unknown Source)
	at java.sql.DriverManager.getConnection(DriverManager.java:571)
	at java.sql.DriverManager.getConnection(DriverManager.java:187)
	at com.jolbox.bonecp.BoneCP.obtainRawInternalConnection(BoneCP.java:361)
	at com.jolbox.bonecp.BoneCP.<init>(BoneCP.java:416)
	at com.jolbox.bonecp.BoneCPDataSource.getConnection(BoneCPDataSource.java:120)
	at org.datanucleus.store.rdbms.ConnectionFactoryImpl$ManagedConnectionImpl.getConnection(ConnectionFactoryImpl.java:501)
	at org.datanucleus.store.rdbms.RDBMSStoreManager.<init>(RDBMSStoreManager.java:298)
	at sun.reflect.NativeConstructorAccessorImpl.newInstance0(Native Method)
	at sun.reflect.NativeConstructorAccessorImpl.newInstance(NativeConstructorAccessorImpl.java:57)
	at sun.reflect.DelegatingConstructorAccessorImpl.newInstance(DelegatingConstructorAccessorImpl.java:45)
	at java.lang.reflect.Constructor.newInstance(Constructor.java:526)
	at org.datanucleus.plugin.NonManagedPluginRegistry.createExecutableExtension(NonManagedPluginRegistry.java:631)
	at org.datanucleus.plugin.PluginManager.createExecutableExtension(PluginManager.java:301)
	at org.datanucleus.NucleusContext.createStoreManagerForProperties(NucleusContext.java:1187)
	at org.datanucleus.NucleusContext.initialise(NucleusContext.java:356)
	at org.datanucleus.api.jdo.JDOPersistenceManagerFactory.freezeConfiguration(JDOPersistenceManagerFactory.java:775)
	at org.datanucleus.api.jdo.JDOPersistenceManagerFactory.createPersistenceManagerFactory(JDOPersistenceManagerFactory.java:333)
	at org.datanucleus.api.jdo.JDOPersistenceManagerFactory.getPersistenceManagerFactory(JDOPersistenceManagerFactory.java:202)
	at sun.reflect.NativeMethodAccessorImpl.invoke0(Native Method)
	at sun.reflect.NativeMethodAccessorImpl.invoke(NativeMethodAccessorImpl.java:57)
	at sun.reflect.DelegatingMethodAccessorImpl.invoke(DelegatingMethodAccessorImpl.java:43)
	at java.lang.reflect.Method.invoke(Method.java:606)
	at javax.jdo.JDOHelper$16.run(JDOHelper.java:1965)
	at java.security.AccessController.doPrivileged(Native Method)
	at javax.jdo.JDOHelper.invoke(JDOHelper.java:1960)
	at javax.jdo.JDOHelper.invokeGetPersistenceManagerFactoryOnImplementation(JDOHelper.java:1166)
	at javax.jdo.JDOHelper.getPersistenceManagerFactory(JDOHelper.java:808)
	at javax.jdo.JDOHelper.getPersistenceManagerFactory(JDOHelper.java:701)
	at org.apache.hadoop.hive.metastore.ObjectStore.getPMF(ObjectStore.java:313)
	at org.apache.hadoop.hive.metastore.ObjectStore.getPersistenceManager(ObjectStore.java:342)
	at org.apache.hadoop.hive.metastore.ObjectStore.initialize(ObjectStore.java:249)
	at org.apache.hadoop.hive.metastore.ObjectStore.setConf(ObjectStore.java:224)
	at org.apache.hadoop.util.ReflectionUtils.setConf(ReflectionUtils.java:73)
	at org.apache.hadoop.util.ReflectionUtils.newInstance(ReflectionUtils.java:133)
	at org.apache.hadoop.hive.metastore.RawStoreProxy.<init>(RawStoreProxy.java:58)
	at org.apache.hadoop.hive.metastore.RawStoreProxy.getProxy(RawStoreProxy.java:67)
	at org.apache.hadoop.hive.metastore.HiveMetaStore$HMSHandler.newRawStore(HiveMetaStore.java:506)
	at org.apache.hadoop.hive.metastore.HiveMetaStore$HMSHandler.getMS(HiveMetaStore.java:484)
	at org.apache.hadoop.hive.metastore.HiveMetaStore$HMSHandler.createDefaultDB(HiveMetaStore.java:532)
	at org.apache.hadoop.hive.metastore.HiveMetaStore$HMSHandler.init(HiveMetaStore.java:406)
	at org.apache.hadoop.hive.metastore.HiveMetaStore$HMSHandler.<init>(HiveMetaStore.java:365)
	at org.apache.hadoop.hive.metastore.RetryingHMSHandler.<init>(RetryingHMSHandler.java:55)
	at org.apache.hadoop.hive.metastore.RetryingHMSHandler.getProxy(RetryingHMSHandler.java:60)
	at org.apache.hadoop.hive.metastore.HiveMetaStore.newHMSHandler(HiveMetaStore.java:4953)
	at org.apache.hadoop.hive.metastore.HiveMetaStoreClient.<init>(HiveMetaStoreClient.java:172)
	at sun.reflect.NativeConstructorAccessorImpl.newInstance0(Native Method)
	at sun.reflect.NativeConstructorAccessorImpl.newInstance(NativeConstructorAccessorImpl.java:57)
	at sun.reflect.DelegatingConstructorAccessorImpl.newInstance(DelegatingConstructorAccessorImpl.java:45)
	at java.lang.reflect.Constructor.newInstance(Constructor.java:526)
	at org.apache.hadoop.hive.metastore.MetaStoreUtils.newInstance(MetaStoreUtils.java:1422)
	at org.apache.hadoop.hive.metastore.RetryingMetaStoreClient.<init>(RetryingMetaStoreClient.java:63)
	at org.apache.hadoop.hive.metastore.RetryingMetaStoreClient.getProxy(RetryingMetaStoreClient.java:73)
	at org.apache.hadoop.hive.ql.metadata.Hive.createMetaStoreClient(Hive.java:2462)
	at org.apache.hadoop.hive.ql.metadata.Hive.getMSC(Hive.java:2481)
	at org.apache.hadoop.hive.ql.session.SessionState.start(SessionState.java:340)
	at org.apache.hadoop.hive.cli.CliDriver.run(CliDriver.java:689)
	at org.apache.hadoop.hive.cli.CliDriver.main(CliDriver.java:633)
	at sun.reflect.NativeMethodAccessorImpl.invoke0(Native Method)
	at sun.reflect.NativeMethodAccessorImpl.invoke(NativeMethodAccessorImpl.java:57)
	at sun.reflect.DelegatingMethodAccessorImpl.invoke(DelegatingMethodAccessorImpl.java:43)
	at java.lang.reflect.Method.invoke(Method.java:606)
	at org.apache.hadoop.util.RunJar.main(RunJar.java:212)
============= end nested exception, level (3) ===========
Cleanup action completed
